==========================================
SLURM_JOB_ID = 411687
SLURM_NODELIST = gnode49
SLURM_JOB_GPUS = 
==========================================
sending incremental file list
nvt_m2/
nvt_m2/T.txt
         32,768   1%    0.00kB/s    0:00:00        2,452,223 100%  230.74MB/s    0:00:00 (xfr#1, to-chk=4/6)
nvt_m2/ke.txt
         32,768   1%    2.84MB/s    0:00:00        2,422,331 100%   60.79MB/s    0:00:00 (xfr#2, to-chk=3/6)
nvt_m2/p.txt
         32,768   0%  842.11kB/s    0:00:23       19,879,663 100%   84.26MB/s    0:00:00 (xfr#3, to-chk=2/6)
nvt_m2/pe.txt
         32,768   1%  142.22kB/s    0:00:16        2,428,870 100%    8.30MB/s    0:00:00 (xfr#4, to-chk=1/6)
nvt_m2/v.txt
         32,768   0%  114.70kB/s    0:02:55       20,177,070 100%   44.34MB/s    0:00:00 (xfr#5, to-chk=0/6)
receiving incremental file list
nvt_m2/
nvt_m2/T.txt
              0   0%    0.00kB/s    0:00:00        2,452,223 100%   80.64MB/s    0:00:00 (xfr#1, to-chk=4/6)
nvt_m2/ke.txt
              0   0%    0.00kB/s    0:00:00        2,422,331 100%   43.59MB/s    0:00:00 (xfr#2, to-chk=3/6)
nvt_m2/p.txt
              0   0%    0.00kB/s    0:00:00       19,879,663 100%   85.40MB/s    0:00:00 (xfr#3, to-chk=2/6)
nvt_m2/pe.txt
              0   0%    0.00kB/s    0:00:00        2,428,870 100%    9.45MB/s    0:00:00 (xfr#4, to-chk=1/6)
nvt_m2/v.txt
              0   0%    0.00kB/s    0:00:00       20,177,070 100%   46.37MB/s    0:00:00 (xfr#5, to-chk=0/6)
Files sent to share1 
Done. Analyzing .... 

Analysis Done. 

