==========================================
SLURM_JOB_ID = 411696
SLURM_NODELIST = gnode47
SLURM_JOB_GPUS = 
==========================================
sending incremental file list
nvt_corrected/
nvt_corrected/T.txt
         32,768   1%    0.00kB/s    0:00:00        2,449,925 100%  230.52MB/s    0:00:00 (xfr#1, to-chk=4/6)
nvt_corrected/ke.txt
         32,768   1%    3.12MB/s    0:00:00        2,421,823 100%   51.33MB/s    0:00:00 (xfr#2, to-chk=3/6)
nvt_corrected/p.txt
         32,768   0%  711.11kB/s    0:00:27       19,423,365 100%   87.79MB/s    0:00:00 (xfr#3, to-chk=2/6)
nvt_corrected/pe.txt
         32,768   1%  151.66kB/s    0:00:15        2,428,985 100%    8.81MB/s    0:00:00 (xfr#4, to-chk=1/6)
nvt_corrected/v.txt
         32,768   0%  121.67kB/s    0:02:43       19,911,773 100%   45.54MB/s    0:00:00 (xfr#5, to-chk=0/6)
receiving incremental file list
nvt_corrected/
nvt_corrected/T.txt
              0   0%    0.00kB/s    0:00:00        2,449,925 100%   97.35MB/s    0:00:00 (xfr#1, to-chk=4/6)
nvt_corrected/ke.txt
              0   0%    0.00kB/s    0:00:00        2,421,823 100%   51.33MB/s    0:00:00 (xfr#2, to-chk=3/6)
nvt_corrected/p.txt
              0   0%    0.00kB/s    0:00:00       19,423,365 100%   87.79MB/s    0:00:00 (xfr#3, to-chk=2/6)
nvt_corrected/pe.txt
              0   0%    0.00kB/s    0:00:00        2,428,985 100%    9.82MB/s    0:00:00 (xfr#4, to-chk=1/6)
nvt_corrected/v.txt
              0   0%    0.00kB/s    0:00:00       19,911,773 100%   46.43MB/s    0:00:00 (xfr#5, to-chk=0/6)
Files sent to share1 
Done. Analyzing .... 

Analysis Done. 

