==========================================
SLURM_JOB_ID = 411704
SLURM_NODELIST = gnode47
SLURM_JOB_GPUS = 
==========================================
sending incremental file list
nvt_m2/
nvt_m2/T.txt
         32,768   1%    0.00kB/s    0:00:00        2,527,120 100%   66.08MB/s    0:00:00 (xfr#1, to-chk=4/6)
nvt_m2/ke.txt
         32,768   1%  864.86kB/s    0:00:02        2,464,080 100%   22.38MB/s    0:00:00 (xfr#2, to-chk=3/6)
nvt_m2/p.txt
         32,768   0%  301.89kB/s    0:01:04       19,518,629 100%   44.21MB/s    0:00:00 (xfr#3, to-chk=2/6)
nvt_m2/pe.txt
         32,768   1%   76.01kB/s    0:00:31        2,416,583 100%    4.88MB/s    0:00:00 (xfr#4, to-chk=1/6)
nvt_m2/v.txt
         32,768   0%   67.65kB/s    0:05:00       20,368,495 100%   24.22MB/s    0:00:00 (xfr#5, to-chk=0/6)
receiving incremental file list
nvt_m2/
nvt_m2/T.txt
              0   0%    0.00kB/s    0:00:00        2,527,120 100%   83.11MB/s    0:00:00 (xfr#1, to-chk=4/6)
nvt_m2/ke.txt
              0   0%    0.00kB/s    0:00:00        2,464,080 100%   41.96MB/s    0:00:00 (xfr#2, to-chk=3/6)
nvt_m2/p.txt
              0   0%    0.00kB/s    0:00:00       19,518,629 100%   83.47MB/s    0:00:00 (xfr#3, to-chk=2/6)
nvt_m2/pe.txt
              0   0%    0.00kB/s    0:00:00        2,416,583 100%    9.48MB/s    0:00:00 (xfr#4, to-chk=1/6)
nvt_m2/v.txt
              0   0%    0.00kB/s    0:00:00       20,368,495 100%   46.58MB/s    0:00:00 (xfr#5, to-chk=0/6)
Files sent to share1 
Done. Analyzing .... 

Analysis Done. 

